<?xml version="1.0" encoding="UTF-8"?>
<testng-results ignored="0" total="2" passed="2" failed="0" skipped="0">
  <reporter-output>
  </reporter-output>
  <suite started-at="2022-11-02T20:21:02 EDT" name="Default suite" finished-at="2022-11-02T20:21:02 EDT" duration-ms="71">
    <groups>
    </groups>
    <test started-at="2022-11-02T20:21:02 EDT" name="Default test" finished-at="2022-11-02T20:21:02 EDT" duration-ms="71">
      <class name="NewTest">
        <test-method signature="canRunTestNGTest()[pri:0, instance:NewTest@2cdd0d4b]" started-at="2022-11-02T20:21:02 EDT" name="canRunTestNGTest" finished-at="2022-11-02T20:21:02 EDT" duration-ms="13" status="PASS">
          <reporter-output>
          </reporter-output>
        </test-method> <!-- canRunTestNGTest -->
        <test-method signature="canUseVar()[pri:0, instance:NewTest@2cdd0d4b]" started-at="2022-11-02T20:21:02 EDT" name="canUseVar" finished-at="2022-11-02T20:21:02 EDT" duration-ms="1" status="PASS">
          <reporter-output>
          </reporter-output>
        </test-method> <!-- canUseVar -->
      </class> <!-- NewTest -->
    </test> <!-- Default test -->
  </suite> <!-- Default suite -->
</testng-results>
