<?xml version="1.0" encoding="UTF-8"?>
<testng-results ignored="2" total="3" passed="1" failed="0" skipped="0">
  <reporter-output>
  </reporter-output>
  <suite started-at="2022-11-03T21:05:44 EDT" name="Default suite" finished-at="2022-11-03T21:05:44 EDT" duration-ms="40">
    <groups>
    </groups>
    <test started-at="2022-11-03T21:05:44 EDT" name="Default test" finished-at="2022-11-03T21:05:44 EDT" duration-ms="40">
      <class name="DataProviderTests">
        <test-method signature="canGetStateNameFromObjectMother()[pri:0, instance:DataProviderTests@4ef37659]" started-at="2022-11-03T21:05:44 EDT" name="canGetStateNameFromObjectMother" finished-at="2022-11-03T21:05:44 EDT" duration-ms="8" status="PASS">
          <reporter-output>
          </reporter-output>
        </test-method> <!-- canGetStateNameFromObjectMother -->
      </class> <!-- DataProviderTests -->
    </test> <!-- Default test -->
  </suite> <!-- Default suite -->
</testng-results>
