<?xml version="1.0" encoding="UTF-8"?>
<!-- Generated by org.testng.reporters.JUnitXMLReporter -->
<testsuite ignored="2" hostname="DESKTOP-V9AAJ8M" failures="0" tests="1" name="Default test" time="0.04" errors="0" timestamp="2022-11-03T21:05:45 EDT">
  <testcase classname="DataProviderTests" name="canGetStateNameFromObjectMother" time="0.008"/>
  <testcase classname="DataProviderTests" name="canGetStateName" time="0.0">
    <ignored/>
  </testcase> <!-- canGetStateName -->
  <testcase classname="DataProviderTests" name="canGetStateAbbreviation" time="0.0">
    <ignored/>
  </testcase> <!-- canGetStateAbbreviation -->
</testsuite> <!-- Default test -->
